Using pre-set license
Built from '2021.3/staging' branch; Version is '2021.3.6f1 (7da38d85baf6) revision 8233869'; Using compiler version '192829333'; Build Type 'Release'
OS: 'Windows 10  (10.0.19044) 64bit Enterprise' Language: 'en' Physical Memory: 32509 MB
BatchMode: 1, IsHumanControllingUs: 0, StartBugReporterOnCrash: 0, Is64bit: 1, IsPro: 1

COMMAND LINE ARGUMENTS:
C:\Program Files\Unity\Hub\Editor\2021.3.6f1\Editor\Unity.exe
-adb2
-batchMode
-noUpm
-name
AssetImportWorker2
-projectPath
D:/IGMProfile/Documents/GitHub/320-Solo-Game/SoloProj
-logFile
Logs/AssetImportWorker2.log
-srvPort
57183
Successfully changed project path to: D:/IGMProfile/Documents/GitHub/320-Solo-Game/SoloProj
D:/IGMProfile/Documents/GitHub/320-Solo-Game/SoloProj
[UnityMemory] Configuration Parameters - Can be set up in boot.config
    "memorysetup-bucket-allocator-granularity=16"
    "memorysetup-bucket-allocator-bucket-count=8"
    "memorysetup-bucket-allocator-block-size=33554432"
    "memorysetup-bucket-allocator-block-count=8"
    "memorysetup-main-allocator-block-size=16777216"
    "memorysetup-thread-allocator-block-size=16777216"
    "memorysetup-gfx-main-allocator-block-size=16777216"
    "memorysetup-gfx-thread-allocator-block-size=16777216"
    "memorysetup-cache-allocator-block-size=4194304"
    "memorysetup-typetree-allocator-block-size=2097152"
    "memorysetup-profiler-bucket-allocator-granularity=16"
    "memorysetup-profiler-bucket-allocator-bucket-count=8"
    "memorysetup-profiler-bucket-allocator-block-size=33554432"
    "memorysetup-profiler-bucket-allocator-block-count=8"
    "memorysetup-profiler-allocator-block-size=16777216"
    "memorysetup-profiler-editor-allocator-block-size=1048576"
    "memorysetup-temp-allocator-size-main=16777216"
    "memorysetup-job-temp-allocator-block-size=2097152"
    "memorysetup-job-temp-allocator-block-size-background=1048576"
    "memorysetup-job-temp-allocator-reduction-small-platforms=262144"
    "memorysetup-temp-allocator-size-background-worker=32768"
    "memorysetup-temp-allocator-size-job-worker=262144"
    "memorysetup-temp-allocator-size-preload-manager=33554432"
    "memorysetup-temp-allocator-size-nav-mesh-worker=65536"
    "memorysetup-temp-allocator-size-audio-worker=65536"
    "memorysetup-temp-allocator-size-cloud-worker=32768"
    "memorysetup-temp-allocator-size-gi-baking-worker=262144"
    "memorysetup-temp-allocator-size-gfx=262144"
Refreshing native plugins compatible for Editor in 126.09 ms, found 4 plugins.
Preloading 0 native plugins for Editor in 0.00 ms.
Initialize engine version: 2021.3.6f1 (7da38d85baf6)
[Subsystems] Discovering subsystems at path C:/Program Files/Unity/Hub/Editor/2021.3.6f1/Editor/Data/Resources/UnitySubsystems
[Subsystems] Discovering subsystems at path D:/IGMProfile/Documents/GitHub/320-Solo-Game/SoloProj/Assets
GfxDevice: creating device client; threaded=0; jobified=0
Direct3D:
    Version:  Direct3D 11.0 [level 11.1]
    Renderer: NVIDIA GeForce RTX 3060 (ID=0x2504)
    Vendor:   NVIDIA
    VRAM:     12142 MB
    Driver:   31.0.15.1659
Initialize mono
Mono path[0] = 'C:/Program Files/Unity/Hub/Editor/2021.3.6f1/Editor/Data/Managed'
Mono path[1] = 'C:/Program Files/Unity/Hub/Editor/2021.3.6f1/Editor/Data/MonoBleedingEdge/lib/mono/unityjit-win32'
Mono config path = 'C:/Program Files/Unity/Hub/Editor/2021.3.6f1/Editor/Data/MonoBleedingEdge/etc'
Using monoOptions --debugger-agent=transport=dt_socket,embedding=1,server=y,suspend=n,address=127.0.0.1:56104
Begin MonoManager ReloadAssembly
Registering precompiled unity dll's ...
Register platform support module: C:/Program Files/Unity/Hub/Editor/2021.3.6f1/Editor/Data/PlaybackEngines/WebGLSupport/UnityEditor.WebGL.Extensions.dll
Register platform support module: C:/Program Files/Unity/Hub/Editor/2021.3.6f1/Editor/Data/PlaybackEngines/AndroidPlayer/UnityEditor.Android.Extensions.dll
Register platform support module: C:/Program Files/Unity/Hub/Editor/2021.3.6f1/Editor/Data/PlaybackEngines/iOSSupport/UnityEditor.iOS.Extensions.dll
Register platform support module: C:/Program Files/Unity/Hub/Editor/2021.3.6f1/Editor/Data/PlaybackEngines/WindowsStandaloneSupport/UnityEditor.WindowsStandalone.Extensions.dll
Registered in 0.006403 seconds.
Native extension for WindowsStandalone target not found
[usbmuxd] Start listen thread
[usbmuxd] Listen thread started
Native extension for iOS target not found
Native extension for Android target not found
Native extension for WebGL target not found
Refreshing native plugins compatible for Editor in 118.42 ms, found 4 plugins.
Preloading 0 native plugins for Editor in 0.00 ms.
Mono: successfully reloaded assembly
- Completed reload, in  0.653 seconds
Domain Reload Profiling:
	ReloadAssembly (653ms)
		BeginReloadAssembly (66ms)
			ExecutionOrderSort (0ms)
			DisableScriptedObjects (0ms)
			BackupInstance (0ms)
			ReleaseScriptingObjects (0ms)
			CreateAndSetChildDomain (1ms)
		EndReloadAssembly (487ms)
			LoadAssemblies (65ms)
			RebuildTransferFunctionScriptingTraits (0ms)
			SetupTypeCache (99ms)
			ReleaseScriptCaches (0ms)
			RebuildScriptCaches (27ms)
			SetupLoadedEditorAssemblies (311ms)
				LogAssemblyErrors (0ms)
				InitializePlatformSupportModulesInManaged (64ms)
				SetLoadedEditorAssemblies (0ms)
				RefreshPlugins (118ms)
				BeforeProcessingInitializeOnLoad (1ms)
				ProcessInitializeOnLoadAttributes (86ms)
				ProcessInitializeOnLoadMethodAttributes (40ms)
				AfterProcessingInitializeOnLoad (0ms)
				EditorAssembliesLoaded (0ms)
			ExecutionOrderSort2 (0ms)
			AwakeInstancesAfterBackupRestoration (0ms)
Platform modules already initialized, skipping
Registering precompiled user dll's ...
Registered in 0.004405 seconds.
Begin MonoManager ReloadAssembly
Symbol file LoadedFromMemory doesn't match image D:\IGMProfile\Documents\GitHub\320-Solo-Game\SoloProj\Library\PackageCache\com.unity.visualscripting@1.7.8\Editor\VisualScripting.Core\Dependencies\YamlDotNet\Unity.VisualScripting.YamlDotNet.dll
Symbol file LoadedFromMemory doesn't match image D:\IGMProfile\Documents\GitHub\320-Solo-Game\SoloProj\Library\PackageCache\com.unity.visualscripting@1.7.8\Editor\VisualScripting.Core\Dependencies\DotNetZip\Unity.VisualScripting.IonicZip.dll
Native extension for WindowsStandalone target not found
Native extension for iOS target not found
Native extension for Android target not found
Native extension for WebGL target not found
Refreshing native plugins compatible for Editor in 124.33 ms, found 4 plugins.
Preloading 0 native plugins for Editor in 0.00 ms.
Mono: successfully reloaded assembly
- Completed reload, in  1.373 seconds
Domain Reload Profiling:
	ReloadAssembly (1374ms)
		BeginReloadAssembly (210ms)
			ExecutionOrderSort (0ms)
			DisableScriptedObjects (6ms)
			BackupInstance (0ms)
			ReleaseScriptingObjects (0ms)
			CreateAndSetChildDomain (148ms)
		EndReloadAssembly (1055ms)
			LoadAssemblies (55ms)
			RebuildTransferFunctionScriptingTraits (0ms)
			SetupTypeCache (251ms)
			ReleaseScriptCaches (1ms)
			RebuildScriptCaches (63ms)
			SetupLoadedEditorAssemblies (618ms)
				LogAssemblyErrors (0ms)
				InitializePlatformSupportModulesInManaged (22ms)
				SetLoadedEditorAssemblies (0ms)
				RefreshPlugins (124ms)
				BeforeProcessingInitializeOnLoad (126ms)
				ProcessInitializeOnLoadAttributes (251ms)
				ProcessInitializeOnLoadMethodAttributes (89ms)
				AfterProcessingInitializeOnLoad (5ms)
				EditorAssembliesLoaded (0ms)
			ExecutionOrderSort2 (0ms)
			AwakeInstancesAfterBackupRestoration (5ms)
Platform modules already initialized, skipping
========================================================================
Worker process is ready to serve import requests
Launched and connected shader compiler UnityShaderCompiler.exe after 0.03 seconds
Refreshing native plugins compatible for Editor in 0.81 ms, found 4 plugins.
Preloading 0 native plugins for Editor in 0.00 ms.
Unloading 5569 Unused Serialized files (Serialized files now loaded: 0)
Unloading 43 unused Assets / (0.7 MB). Loaded Objects now: 6024.
Memory consumption went from 217.7 MB to 217.0 MB.
Total: 3.840100 ms (FindLiveObjects: 0.604400 ms CreateObjectMapping: 0.185300 ms MarkObjects: 2.812400 ms  DeleteObjects: 0.236800 ms)

AssetImportParameters requested are different than current active one (requested -> active):
  custom:video-decoder-ogg-theora: a1e56fd34408186e4bbccfd4996cb3dc -> 
  custom:container-muxer-webm: aa71ff27fc2769a1b78a27578f13a17b -> 
  custom:container-demuxer-webm: 4f35f7cbe854078d1ac9338744f61a02 -> 
  custom:video-encoder-webm-vp8: eb34c28f22e8b96e1ab97ce403110664 -> 
  custom:audio-encoder-webm-vorbis: bf7c407c2cedff20999df2af8eb42d56 -> 
  custom:framework-win-MediaFoundation: 216162199b28c13a410421893ffa2e32 -> 
  custom:container-demuxer-ogg: 62fdf1f143b41e24485cea50d1cbac27 -> 
  custom:video-decoder-webm-vp8: 9c59270c3fd7afecdb556c50c9e8de78 -> 
  custom:audio-decoder-ogg-vorbis: bf7c407c2cedff20999df2af8eb42d56 -> 
========================================================================
Received Import Request.
  Time since last request: 39359.258173 seconds.
  path: Assets/Textures/character1mm.png
  artifactKey: Guid(9e276cb514f0cc0469d370131957fcbf) Importer(815301076,1909f56bfc062723c751e8b465ee728b)
Start importing Assets/Textures/character1mm.png using Guid(9e276cb514f0cc0469d370131957fcbf) Importer(815301076,1909f56bfc062723c751e8b465ee728b)  -> (artifact id: '4fb0877e9a27023d4c7f6b63c5feb342') in 0.071237 seconds 
========================================================================
Received Import Request.
  Time since last request: 71.362854 seconds.
  path: Assets/Textures/character1mm.png
  artifactKey: Guid(9e276cb514f0cc0469d370131957fcbf) Importer(815301076,1909f56bfc062723c751e8b465ee728b)
Start importing Assets/Textures/character1mm.png using Guid(9e276cb514f0cc0469d370131957fcbf) Importer(815301076,1909f56bfc062723c751e8b465ee728b)  -> (artifact id: '97b477354f24c1e50b5cb739d7cf7075') in 0.346618 seconds 
========================================================================
Received Import Request.
  Time since last request: 12.091908 seconds.
  path: Assets/Textures/character1mm.png
  artifactKey: Guid(9e276cb514f0cc0469d370131957fcbf) Importer(815301076,1909f56bfc062723c751e8b465ee728b)
Start importing Assets/Textures/character1mm.png using Guid(9e276cb514f0cc0469d370131957fcbf) Importer(815301076,1909f56bfc062723c751e8b465ee728b)  -> (artifact id: '5e478cdc0c6a71fe34593ae2695f0d1f') in 0.183425 seconds 
========================================================================
Received Import Request.
  Time since last request: 71.733321 seconds.
  path: Assets/Textures/character1mm.png
  artifactKey: Guid(9e276cb514f0cc0469d370131957fcbf) Importer(815301076,1909f56bfc062723c751e8b465ee728b)
Start importing Assets/Textures/character1mm.png using Guid(9e276cb514f0cc0469d370131957fcbf) Importer(815301076,1909f56bfc062723c751e8b465ee728b)  -> (artifact id: 'cf96a111c3b272be81ed07dafc63568e') in 0.165764 seconds 
========================================================================
Received Import Request.
  Time since last request: 39.026220 seconds.
  path: Assets/Textures/character1mm.png
  artifactKey: Guid(9e276cb514f0cc0469d370131957fcbf) Importer(815301076,1909f56bfc062723c751e8b465ee728b)
Start importing Assets/Textures/character1mm.png using Guid(9e276cb514f0cc0469d370131957fcbf) Importer(815301076,1909f56bfc062723c751e8b465ee728b)  -> (artifact id: 'e88534940166aa94449dcbad428f670a') in 0.146347 seconds 
========================================================================
Received Import Request.
  Time since last request: 115.871221 seconds.
  path: Assets/Textures/character1mm.png
  artifactKey: Guid(9e276cb514f0cc0469d370131957fcbf) Importer(815301076,1909f56bfc062723c751e8b465ee728b)
Start importing Assets/Textures/character1mm.png using Guid(9e276cb514f0cc0469d370131957fcbf) Importer(815301076,1909f56bfc062723c751e8b465ee728b)  -> (artifact id: '25410fbd68e41d3319816b2d4238d185') in 0.139965 seconds 
========================================================================
Received Import Request.
  Time since last request: 44.121039 seconds.
  path: Assets/Textures/character1mm.png
  artifactKey: Guid(9e276cb514f0cc0469d370131957fcbf) Importer(815301076,1909f56bfc062723c751e8b465ee728b)
Start importing Assets/Textures/character1mm.png using Guid(9e276cb514f0cc0469d370131957fcbf) Importer(815301076,1909f56bfc062723c751e8b465ee728b)  -> (artifact id: '13e26ca7f7b1ebc392107449c75db955') in 0.058233 seconds 
========================================================================
Received Import Request.
  Time since last request: 10.255897 seconds.
  path: Assets/Textures/character1mm.png
  artifactKey: Guid(9e276cb514f0cc0469d370131957fcbf) Importer(815301076,1909f56bfc062723c751e8b465ee728b)
Start importing Assets/Textures/character1mm.png using Guid(9e276cb514f0cc0469d370131957fcbf) Importer(815301076,1909f56bfc062723c751e8b465ee728b)  -> (artifact id: 'a5f40575221cfda9b212a0c25b23dfd1') in 0.057551 seconds 
