Using pre-set license
Built from '2021.3/staging' branch; Version is '2021.3.6f1 (7da38d85baf6) revision 8233869'; Using compiler version '192829333'; Build Type 'Release'
OS: 'Windows 10  (10.0.19044) 64bit Professional' Language: 'en' Physical Memory: 32694 MB
BatchMode: 1, IsHumanControllingUs: 0, StartBugReporterOnCrash: 0, Is64bit: 1, IsPro: 1

COMMAND LINE ARGUMENTS:
C:\Program Files\Unity 2021.3.6f1\Editor\Unity.exe
-adb2
-batchMode
-noUpm
-name
AssetImportWorker0
-projectPath
C:/Users/seanb/Documents/GitHub/320-Solo-Game/SoloProj
-logFile
Logs/AssetImportWorker0.log
-srvPort
51481
Successfully changed project path to: C:/Users/seanb/Documents/GitHub/320-Solo-Game/SoloProj
C:/Users/seanb/Documents/GitHub/320-Solo-Game/SoloProj
[UnityMemory] Configuration Parameters - Can be set up in boot.config
    "memorysetup-bucket-allocator-granularity=16"
    "memorysetup-bucket-allocator-bucket-count=8"
    "memorysetup-bucket-allocator-block-size=33554432"
    "memorysetup-bucket-allocator-block-count=8"
    "memorysetup-main-allocator-block-size=16777216"
    "memorysetup-thread-allocator-block-size=16777216"
    "memorysetup-gfx-main-allocator-block-size=16777216"
    "memorysetup-gfx-thread-allocator-block-size=16777216"
    "memorysetup-cache-allocator-block-size=4194304"
    "memorysetup-typetree-allocator-block-size=2097152"
    "memorysetup-profiler-bucket-allocator-granularity=16"
    "memorysetup-profiler-bucket-allocator-bucket-count=8"
    "memorysetup-profiler-bucket-allocator-block-size=33554432"
    "memorysetup-profiler-bucket-allocator-block-count=8"
    "memorysetup-profiler-allocator-block-size=16777216"
    "memorysetup-profiler-editor-allocator-block-size=1048576"
    "memorysetup-temp-allocator-size-main=16777216"
    "memorysetup-job-temp-allocator-block-size=2097152"
    "memorysetup-job-temp-allocator-block-size-background=1048576"
    "memorysetup-job-temp-allocator-reduction-small-platforms=262144"
    "memorysetup-temp-allocator-size-background-worker=32768"
    "memorysetup-temp-allocator-size-job-worker=262144"
    "memorysetup-temp-allocator-size-preload-manager=33554432"
    "memorysetup-temp-allocator-size-nav-mesh-worker=65536"
    "memorysetup-temp-allocator-size-audio-worker=65536"
    "memorysetup-temp-allocator-size-cloud-worker=32768"
    "memorysetup-temp-allocator-size-gi-baking-worker=262144"
    "memorysetup-temp-allocator-size-gfx=262144"
Refreshing native plugins compatible for Editor in 121.76 ms, found 4 plugins.
Preloading 0 native plugins for Editor in 0.00 ms.
Initialize engine version: 2021.3.6f1 (7da38d85baf6)
[Subsystems] Discovering subsystems at path C:/Program Files/Unity 2021.3.6f1/Editor/Data/Resources/UnitySubsystems
[Subsystems] Discovering subsystems at path C:/Users/seanb/Documents/GitHub/320-Solo-Game/SoloProj/Assets
GfxDevice: creating device client; threaded=0; jobified=0
Direct3D:
    Version:  Direct3D 11.0 [level 11.1]
    Renderer: NVIDIA GeForce RTX 3060 (ID=0x2504)
    Vendor:   NVIDIA
    VRAM:     12142 MB
    Driver:   30.0.15.1215
Initialize mono
Mono path[0] = 'C:/Program Files/Unity 2021.3.6f1/Editor/Data/Managed'
Mono path[1] = 'C:/Program Files/Unity 2021.3.6f1/Editor/Data/MonoBleedingEdge/lib/mono/unityjit-win32'
Mono config path = 'C:/Program Files/Unity 2021.3.6f1/Editor/Data/MonoBleedingEdge/etc'
Using monoOptions --debugger-agent=transport=dt_socket,embedding=1,server=y,suspend=n,address=127.0.0.1:56152
Begin MonoManager ReloadAssembly
Registering precompiled unity dll's ...
Register platform support module: C:/Program Files/Unity 2021.3.6f1/Editor/Data/PlaybackEngines/WindowsStandaloneSupport/UnityEditor.WindowsStandalone.Extensions.dll
Registered in 0.005856 seconds.
Native extension for WindowsStandalone target not found
Refreshing native plugins compatible for Editor in 100.41 ms, found 4 plugins.
Preloading 0 native plugins for Editor in 0.00 ms.
Mono: successfully reloaded assembly
- Completed reload, in  0.591 seconds
Domain Reload Profiling:
	ReloadAssembly (591ms)
		BeginReloadAssembly (71ms)
			ExecutionOrderSort (0ms)
			DisableScriptedObjects (0ms)
			BackupInstance (0ms)
			ReleaseScriptingObjects (0ms)
			CreateAndSetChildDomain (1ms)
		EndReloadAssembly (422ms)
			LoadAssemblies (69ms)
			RebuildTransferFunctionScriptingTraits (0ms)
			SetupTypeCache (86ms)
			ReleaseScriptCaches (0ms)
			RebuildScriptCaches (20ms)
			SetupLoadedEditorAssemblies (265ms)
				LogAssemblyErrors (0ms)
				InitializePlatformSupportModulesInManaged (6ms)
				SetLoadedEditorAssemblies (0ms)
				RefreshPlugins (100ms)
				BeforeProcessingInitializeOnLoad (1ms)
				ProcessInitializeOnLoadAttributes (118ms)
				ProcessInitializeOnLoadMethodAttributes (39ms)
				AfterProcessingInitializeOnLoad (0ms)
				EditorAssembliesLoaded (0ms)
			ExecutionOrderSort2 (0ms)
			AwakeInstancesAfterBackupRestoration (0ms)
Platform modules already initialized, skipping
Registering precompiled user dll's ...
Registered in 0.012677 seconds.
Begin MonoManager ReloadAssembly
Symbol file LoadedFromMemory doesn't match image C:\Users\seanb\Documents\GitHub\320-Solo-Game\SoloProj\Library\PackageCache\com.unity.visualscripting@1.7.8\Editor\VisualScripting.Core\Dependencies\YamlDotNet\Unity.VisualScripting.YamlDotNet.dll
Symbol file LoadedFromMemory doesn't match image C:\Users\seanb\Documents\GitHub\320-Solo-Game\SoloProj\Library\PackageCache\com.unity.visualscripting@1.7.8\Editor\VisualScripting.Core\Dependencies\DotNetZip\Unity.VisualScripting.IonicZip.dll
Native extension for WindowsStandalone target not found
Refreshing native plugins compatible for Editor in 111.24 ms, found 4 plugins.
Preloading 0 native plugins for Editor in 0.00 ms.
Mono: successfully reloaded assembly
- Completed reload, in  1.247 seconds
Domain Reload Profiling:
	ReloadAssembly (1247ms)
		BeginReloadAssembly (121ms)
			ExecutionOrderSort (0ms)
			DisableScriptedObjects (5ms)
			BackupInstance (0ms)
			ReleaseScriptingObjects (0ms)
			CreateAndSetChildDomain (21ms)
		EndReloadAssembly (1013ms)
			LoadAssemblies (122ms)
			RebuildTransferFunctionScriptingTraits (0ms)
			SetupTypeCache (248ms)
			ReleaseScriptCaches (2ms)
			RebuildScriptCaches (57ms)
			SetupLoadedEditorAssemblies (562ms)
				LogAssemblyErrors (0ms)
				InitializePlatformSupportModulesInManaged (3ms)
				SetLoadedEditorAssemblies (0ms)
				RefreshPlugins (111ms)
				BeforeProcessingInitializeOnLoad (120ms)
				ProcessInitializeOnLoadAttributes (236ms)
				ProcessInitializeOnLoadMethodAttributes (83ms)
				AfterProcessingInitializeOnLoad (8ms)
				EditorAssembliesLoaded (0ms)
			ExecutionOrderSort2 (0ms)
			AwakeInstancesAfterBackupRestoration (6ms)
Platform modules already initialized, skipping
========================================================================
Worker process is ready to serve import requests
Launched and connected shader compiler UnityShaderCompiler.exe after 0.05 seconds
Refreshing native plugins compatible for Editor in 2.38 ms, found 4 plugins.
Preloading 0 native plugins for Editor in 0.00 ms.
Unloading 5569 Unused Serialized files (Serialized files now loaded: 0)
Unloading 43 unused Assets / (0.7 MB). Loaded Objects now: 6019.
Memory consumption went from 217.4 MB to 216.7 MB.
Total: 6.908600 ms (FindLiveObjects: 0.845900 ms CreateObjectMapping: 0.260700 ms MarkObjects: 5.371200 ms  DeleteObjects: 0.429200 ms)

AssetImportParameters requested are different than current active one (requested -> active):
  custom:video-decoder-ogg-theora: a1e56fd34408186e4bbccfd4996cb3dc -> 
  custom:container-muxer-webm: aa71ff27fc2769a1b78a27578f13a17b -> 
  custom:container-demuxer-webm: 4f35f7cbe854078d1ac9338744f61a02 -> 
  custom:video-encoder-webm-vp8: eb34c28f22e8b96e1ab97ce403110664 -> 
  custom:audio-encoder-webm-vorbis: bf7c407c2cedff20999df2af8eb42d56 -> 
  custom:framework-win-MediaFoundation: 216162199b28c13a410421893ffa2e32 -> 
  custom:container-demuxer-ogg: 62fdf1f143b41e24485cea50d1cbac27 -> 
  custom:video-decoder-webm-vp8: 9c59270c3fd7afecdb556c50c9e8de78 -> 
  custom:audio-decoder-ogg-vorbis: bf7c407c2cedff20999df2af8eb42d56 -> 
========================================================================
Received Import Request.
  Time since last request: 3101.213559 seconds.
  path: Assets/UniversalRenderPipelineGlobalSettings.asset
  artifactKey: Guid(27c307dac14616c4a8f78f1526fea2ae) Importer(815301076,1909f56bfc062723c751e8b465ee728b)
Start importing Assets/UniversalRenderPipelineGlobalSettings.asset using Guid(27c307dac14616c4a8f78f1526fea2ae) Importer(815301076,1909f56bfc062723c751e8b465ee728b)  -> (artifact id: 'd3a56622ef1f8f6e8734e418736786d7') in 0.065580 seconds 
========================================================================
Received Import Request.
  Time since last request: 0.000030 seconds.
  path: Assets/TextColorGradient.asset
  artifactKey: Guid(bf1f5348bd210ba4ca8becdd8c16b419) Importer(815301076,1909f56bfc062723c751e8b465ee728b)
Start importing Assets/TextColorGradient.asset using Guid(bf1f5348bd210ba4ca8becdd8c16b419) Importer(815301076,1909f56bfc062723c751e8b465ee728b)  -> (artifact id: 'b3788f514cf4baa55bfaa98de332d970') in 0.004220 seconds 
========================================================================
Received Import Request.
  Time since last request: 23.764059 seconds.
  path: Assets/Scenes
  artifactKey: Guid(109e9bdd0fcc649c5bc59085c35bdc83) Importer(815301076,1909f56bfc062723c751e8b465ee728b)
Start importing Assets/Scenes using Guid(109e9bdd0fcc649c5bc59085c35bdc83) Importer(815301076,1909f56bfc062723c751e8b465ee728b)  -> (artifact id: 'dc551c28631bb03ca9b61942ea6fe31a') in 0.002972 seconds 
========================================================================
Received Import Request.
  Time since last request: 2.487647 seconds.
  path: Assets/Scenes/Ben
  artifactKey: Guid(a724bac81ccd0b94a8052028c1d99463) Importer(815301076,1909f56bfc062723c751e8b465ee728b)
Start importing Assets/Scenes/Ben using Guid(a724bac81ccd0b94a8052028c1d99463) Importer(815301076,1909f56bfc062723c751e8b465ee728b)  -> (artifact id: 'ea0459e840e9dd207b7ad3d2d0eb6a01') in 0.002534 seconds 
========================================================================
Received Import Request.
  Time since last request: 3.867200 seconds.
  path: Assets/Scenes/GameCompleted.unity
  artifactKey: Guid(a977382a336318c419808412275a4252) Importer(815301076,1909f56bfc062723c751e8b465ee728b)
Start importing Assets/Scenes/GameCompleted.unity using Guid(a977382a336318c419808412275a4252) Importer(815301076,1909f56bfc062723c751e8b465ee728b)  -> (artifact id: '5806205488a889bb2f0c4a56c27582dc') in 0.003121 seconds 
========================================================================
Received Import Request.
  Time since last request: 1.118502 seconds.
  path: Assets/Scenes/Midna
  artifactKey: Guid(af7ec3d707956e14ca533d3ec5a14104) Importer(815301076,1909f56bfc062723c751e8b465ee728b)
Start importing Assets/Scenes/Midna using Guid(af7ec3d707956e14ca533d3ec5a14104) Importer(815301076,1909f56bfc062723c751e8b465ee728b)  -> (artifact id: '2aaa6040a4275f6615418cefe4071988') in 0.003297 seconds 
========================================================================
Received Import Request.
  Time since last request: 4.386294 seconds.
  path: Assets/Scenes/Level1.unity
  artifactKey: Guid(9c531d7f093990746b032b26217a6c20) Importer(815301076,1909f56bfc062723c751e8b465ee728b)
Start importing Assets/Scenes/Level1.unity using Guid(9c531d7f093990746b032b26217a6c20) Importer(815301076,1909f56bfc062723c751e8b465ee728b)  -> (artifact id: '2ab3aaeb02b3f79b5d0ed60d8610f110') in 0.002945 seconds 
========================================================================
Received Import Request.
  Time since last request: 65.610095 seconds.
  path: Assets/Scenes/Level2M.unity
  artifactKey: Guid(795d251e3ee4d0448a8c44873fafa3f6) Importer(815301076,1909f56bfc062723c751e8b465ee728b)
Start importing Assets/Scenes/Level2M.unity using Guid(795d251e3ee4d0448a8c44873fafa3f6) Importer(815301076,1909f56bfc062723c751e8b465ee728b)  -> (artifact id: 'c6487cd09cfc86d22610afa3e056e99e') in 0.002679 seconds 
========================================================================
Received Import Request.
  Time since last request: 13.626965 seconds.
  path: Assets/Scenes/Level2.unity
  artifactKey: Guid(99edb91e412cdde418848be2bd419b11) Importer(815301076,1909f56bfc062723c751e8b465ee728b)
Start importing Assets/Scenes/Level2.unity using Guid(99edb91e412cdde418848be2bd419b11) Importer(815301076,1909f56bfc062723c751e8b465ee728b)  -> (artifact id: '71c709b24184379d126014a8640092c9') in 0.003123 seconds 
========================================================================
Received Import Request.
  Time since last request: 0.687512 seconds.
  path: Assets/Scenes/Level3Midna.unity
  artifactKey: Guid(708fe2231b3471845baa2de4cbf22f03) Importer(815301076,1909f56bfc062723c751e8b465ee728b)
Start importing Assets/Scenes/Level3Midna.unity using Guid(708fe2231b3471845baa2de4cbf22f03) Importer(815301076,1909f56bfc062723c751e8b465ee728b)  -> (artifact id: 'f4d62d2f25b307757cf2ad1ec6450947') in 0.002571 seconds 
========================================================================
Received Import Request.
  Time since last request: 0.384128 seconds.
  path: Assets/Scenes/Level4M.unity
  artifactKey: Guid(cf56c990475c3814f9cb2b82cf83da41) Importer(815301076,1909f56bfc062723c751e8b465ee728b)
Start importing Assets/Scenes/Level4M.unity using Guid(cf56c990475c3814f9cb2b82cf83da41) Importer(815301076,1909f56bfc062723c751e8b465ee728b)  -> (artifact id: 'e330ce5081aa70e1c566407680c27870') in 0.003423 seconds 
========================================================================
Received Import Request.
  Time since last request: 0.558504 seconds.
  path: Assets/Scenes/Level5M.unity
  artifactKey: Guid(5183d5bfe5553584682c34dbc6e66970) Importer(815301076,1909f56bfc062723c751e8b465ee728b)
Start importing Assets/Scenes/Level5M.unity using Guid(5183d5bfe5553584682c34dbc6e66970) Importer(815301076,1909f56bfc062723c751e8b465ee728b)  -> (artifact id: 'd6a187db1d2c9a247b094c2f22e11c72') in 0.002588 seconds 
========================================================================
Received Import Request.
  Time since last request: 30.079504 seconds.
  path: Assets/Scripts
  artifactKey: Guid(d3f3e52a8957aec4d95f085c2b0e0bca) Importer(815301076,1909f56bfc062723c751e8b465ee728b)
Start importing Assets/Scripts using Guid(d3f3e52a8957aec4d95f085c2b0e0bca) Importer(815301076,1909f56bfc062723c751e8b465ee728b)  -> (artifact id: '68d02a903511ed0d6943a9fb1225116e') in 0.002549 seconds 
========================================================================
Received Import Request.
  Time since last request: 2.570564 seconds.
  path: Assets/Scripts/PlayerMovement.cs
  artifactKey: Guid(1b643e651ea398347a936ba061d82152) Importer(815301076,1909f56bfc062723c751e8b465ee728b)
Start importing Assets/Scripts/PlayerMovement.cs using Guid(1b643e651ea398347a936ba061d82152) Importer(815301076,1909f56bfc062723c751e8b465ee728b)  -> (artifact id: 'cdc4098f83881562db3b1009c96d278e') in 0.009875 seconds 
========================================================================
Received Import Request.
  Time since last request: 19.798032 seconds.
  path: Assets/Prefabs
  artifactKey: Guid(a2fab910a2a403546a2b09c0d5c1b88e) Importer(815301076,1909f56bfc062723c751e8b465ee728b)
Start importing Assets/Prefabs using Guid(a2fab910a2a403546a2b09c0d5c1b88e) Importer(815301076,1909f56bfc062723c751e8b465ee728b)  -> (artifact id: '1c173d8c364125e1935f694e5b19ab2c') in 0.003219 seconds 
========================================================================
Received Import Request.
  Time since last request: 0.042540 seconds.
  path: Assets/Prefabs/BackGround.prefab
  artifactKey: Guid(e0e078614109d224e8ea181420936b7e) Importer(815301076,1909f56bfc062723c751e8b465ee728b)
Start importing Assets/Prefabs/BackGround.prefab using Guid(e0e078614109d224e8ea181420936b7e) Importer(815301076,1909f56bfc062723c751e8b465ee728b)  -> (artifact id: '772cc4859e8e3d10a3d3f85110a54c53') in 0.024571 seconds 
========================================================================
Received Import Request.
  Time since last request: 0.000020 seconds.
  path: Assets/Prefabs/ImmovableWall.prefab
  artifactKey: Guid(65c09705f704b334e88e718d386975e4) Importer(815301076,1909f56bfc062723c751e8b465ee728b)
Start importing Assets/Prefabs/ImmovableWall.prefab using Guid(65c09705f704b334e88e718d386975e4) Importer(815301076,1909f56bfc062723c751e8b465ee728b)  -> (artifact id: 'b215c658b765a878d60aa827bb8e3154') in 0.158847 seconds 
========================================================================
Received Import Request.
  Time since last request: 0.000034 seconds.
  path: Assets/Prefabs/Wall.prefab
  artifactKey: Guid(1a3f6377f2a309e4c98d519e794a5864) Importer(815301076,1909f56bfc062723c751e8b465ee728b)
Start importing Assets/Prefabs/Wall.prefab using Guid(1a3f6377f2a309e4c98d519e794a5864) Importer(815301076,1909f56bfc062723c751e8b465ee728b)  -> (artifact id: '4c295b6fba25a2aeec1f03321f35e911') in 0.041538 seconds 
========================================================================
Received Import Request.
  Time since last request: 0.000027 seconds.
  path: Assets/Prefabs/Walls.prefab
  artifactKey: Guid(a4eceb5c6f98bee4fa2b30bdff9b4843) Importer(815301076,1909f56bfc062723c751e8b465ee728b)
Start importing Assets/Prefabs/Walls.prefab using Guid(a4eceb5c6f98bee4fa2b30bdff9b4843) Importer(815301076,1909f56bfc062723c751e8b465ee728b)  -> (artifact id: '7737962ecac6f73a3298fe1d6cefec36') in 0.021022 seconds 
========================================================================
Received Import Request.
  Time since last request: 3.359735 seconds.
  path: Assets/Prefabs/UIMenuBS
  artifactKey: Guid(fad021433cde22d4c8df22f76a02db69) Importer(815301076,1909f56bfc062723c751e8b465ee728b)
Start importing Assets/Prefabs/UIMenuBS using Guid(fad021433cde22d4c8df22f76a02db69) Importer(815301076,1909f56bfc062723c751e8b465ee728b)  -> (artifact id: '4c6a24f8fe5e67d9700dcde8fe5d4e08') in 0.003139 seconds 
========================================================================
Received Import Request.
  Time since last request: 0.053074 seconds.
  path: Assets/Prefabs/UIMenuBS/HYPE.prefab
  artifactKey: Guid(5c3606657e4eb2144b6e1d7bdf6f29cd) Importer(815301076,1909f56bfc062723c751e8b465ee728b)
Start importing Assets/Prefabs/UIMenuBS/HYPE.prefab using Guid(5c3606657e4eb2144b6e1d7bdf6f29cd) Importer(815301076,1909f56bfc062723c751e8b465ee728b)  -> (artifact id: 'aba56b6b2e2ed103d6ef8e4c02629a96') in 0.054493 seconds 
========================================================================
Received Import Request.
  Time since last request: 367.032254 seconds.
  path: Assets/Prefabs/Gates/Gate.prefab
  artifactKey: Guid(5fc0a09d45b560c46bb99a6dc2b90652) Importer(815301076,1909f56bfc062723c751e8b465ee728b)
Start importing Assets/Prefabs/Gates/Gate.prefab using Guid(5fc0a09d45b560c46bb99a6dc2b90652) Importer(815301076,1909f56bfc062723c751e8b465ee728b)  -> (artifact id: 'd92a2763881c62688f76c845111c2dab') in 0.039223 seconds 
========================================================================
Received Import Request.
  Time since last request: 0.000023 seconds.
  path: Assets/Prefabs/Gates/GateManager.prefab
  artifactKey: Guid(68a974d1c9d84da4ba72d52bb46a218a) Importer(815301076,1909f56bfc062723c751e8b465ee728b)
Start importing Assets/Prefabs/Gates/GateManager.prefab using Guid(68a974d1c9d84da4ba72d52bb46a218a) Importer(815301076,1909f56bfc062723c751e8b465ee728b)  -> (artifact id: '037942754530e974272dddeed20139d9') in 0.006892 seconds 
========================================================================
Received Import Request.
  Time since last request: 2.620724 seconds.
  path: Assets/TextMesh Pro/Examples & Extras/Fonts/Oswald-Bold.ttf
  artifactKey: Guid(c9f6d0e7bc8541498c9a4799ba184ede) Importer(815301076,1909f56bfc062723c751e8b465ee728b)
Start importing Assets/TextMesh Pro/Examples & Extras/Fonts/Oswald-Bold.ttf using Guid(c9f6d0e7bc8541498c9a4799ba184ede) Importer(815301076,1909f56bfc062723c751e8b465ee728b)  -> (artifact id: '04ee2b8b6c8d135820515193cefafb78') in 0.052806 seconds 
========================================================================
Received Import Request.
  Time since last request: 0.000027 seconds.
  path: Assets/TextMesh Pro/Examples & Extras/Fonts/Roboto-Bold.ttf
  artifactKey: Guid(4beb055f07aaff244873dec698d0363e) Importer(815301076,1909f56bfc062723c751e8b465ee728b)
Start importing Assets/TextMesh Pro/Examples & Extras/Fonts/Roboto-Bold.ttf using Guid(4beb055f07aaff244873dec698d0363e) Importer(815301076,1909f56bfc062723c751e8b465ee728b)  -> (artifact id: '97618edbb18d8a3186ecdfb6ad3e1652') in 0.015685 seconds 
========================================================================
Received Import Request.
  Time since last request: 0.000032 seconds.
  path: Assets/TextMesh Pro/Examples & Extras/Fonts/Bangers.ttf
  artifactKey: Guid(5dd49b3eacc540408c98eee0de38e0f1) Importer(815301076,1909f56bfc062723c751e8b465ee728b)
Start importing Assets/TextMesh Pro/Examples & Extras/Fonts/Bangers.ttf using Guid(5dd49b3eacc540408c98eee0de38e0f1) Importer(815301076,1909f56bfc062723c751e8b465ee728b)  -> (artifact id: '11436d97439b66842de28e010665bf12') in 0.016674 seconds 
========================================================================
Received Import Request.
  Time since last request: 0.000021 seconds.
  path: Assets/TextMesh Pro/Examples & Extras/Fonts/Anton.ttf
  artifactKey: Guid(997a43b767814dd0a7642ec9b78cba41) Importer(815301076,1909f56bfc062723c751e8b465ee728b)
Start importing Assets/TextMesh Pro/Examples & Extras/Fonts/Anton.ttf using Guid(997a43b767814dd0a7642ec9b78cba41) Importer(815301076,1909f56bfc062723c751e8b465ee728b)  -> (artifact id: '8c74aa13be0184c5298b5ef0543ed2a0') in 0.015735 seconds 
========================================================================
Received Import Request.
  Time since last request: 0.757987 seconds.
  path: Assets/Brackeys/2D Mega Pack/Items & Icons/Pixel Art/Fish.png
  artifactKey: Guid(78040fcc3a5ca0646b20e131d68b3660) Importer(815301076,1909f56bfc062723c751e8b465ee728b)
Start importing Assets/Brackeys/2D Mega Pack/Items & Icons/Pixel Art/Fish.png using Guid(78040fcc3a5ca0646b20e131d68b3660) Importer(815301076,1909f56bfc062723c751e8b465ee728b)  -> (artifact id: '6616e25dd4a01c0ba45ab20a3309d3f5') in 0.056366 seconds 
========================================================================
Received Import Request.
  Time since last request: 0.000160 seconds.
  path: Assets/Brackeys/2D Mega Pack/Characters/Soldiers/Soldiers.png
  artifactKey: Guid(2164a1816f29acf45ad76327ffa671c7) Importer(815301076,1909f56bfc062723c751e8b465ee728b)
Start importing Assets/Brackeys/2D Mega Pack/Characters/Soldiers/Soldiers.png using Guid(2164a1816f29acf45ad76327ffa671c7) Importer(815301076,1909f56bfc062723c751e8b465ee728b)  -> (artifact id: '379d5c2305ecfb583deb011c9d5e61c8') in 0.050017 seconds 
========================================================================
Received Import Request.
  Time since last request: 0.000029 seconds.
  path: Assets/Brackeys/2D Mega Pack/Items & Icons/Cute/Crate.png
  artifactKey: Guid(68a41ff097730fb45a9b2adce184a79d) Importer(815301076,1909f56bfc062723c751e8b465ee728b)
Start importing Assets/Brackeys/2D Mega Pack/Items & Icons/Cute/Crate.png using Guid(68a41ff097730fb45a9b2adce184a79d) Importer(815301076,1909f56bfc062723c751e8b465ee728b)  -> (artifact id: 'd61b49589497d462121732f5c94677f0') in 0.013514 seconds 
========================================================================
Received Import Request.
  Time since last request: 0.000062 seconds.
  path: Assets/Brackeys/2D Mega Pack/Items & Icons/Pixel Art/Fireplace.png
  artifactKey: Guid(13597b049430824468ca1d48477afb9b) Importer(815301076,1909f56bfc062723c751e8b465ee728b)
Start importing Assets/Brackeys/2D Mega Pack/Items & Icons/Pixel Art/Fireplace.png using Guid(13597b049430824468ca1d48477afb9b) Importer(815301076,1909f56bfc062723c751e8b465ee728b)  -> (artifact id: 'e91fc374fe5daa5eb5e600932a75ed55') in 0.014135 seconds 
========================================================================
Received Import Request.
  Time since last request: 0.000021 seconds.
  path: Assets/Brackeys/2D Mega Pack/Enemies/Insects/Beetle.png
  artifactKey: Guid(a50747b7090647445a1aa71f3aefd771) Importer(815301076,1909f56bfc062723c751e8b465ee728b)
Start importing Assets/Brackeys/2D Mega Pack/Enemies/Insects/Beetle.png using Guid(a50747b7090647445a1aa71f3aefd771) Importer(815301076,1909f56bfc062723c751e8b465ee728b)  -> (artifact id: '96d59a00019e3f31cba3c2b472f3addb') in 0.020586 seconds 
========================================================================
Received Import Request.
  Time since last request: 0.000029 seconds.
  path: Assets/TextMesh Pro/Examples & Extras/Resources/Color Gradient Presets/Dark to Light Green - Vertical.asset
  artifactKey: Guid(4c86a3366cd840348ebe8dc438570ee4) Importer(815301076,1909f56bfc062723c751e8b465ee728b)
Start importing Assets/TextMesh Pro/Examples & Extras/Resources/Color Gradient Presets/Dark to Light Green - Vertical.asset using Guid(4c86a3366cd840348ebe8dc438570ee4) Importer(815301076,1909f56bfc062723c751e8b465ee728b)  -> (artifact id: 'fcad0e6b76f69447796b44d4c13b23d4') in 0.003199 seconds 
========================================================================
Received Import Request.
  Time since last request: 0.000026 seconds.
  path: Assets/Brackeys/2D Mega Pack/Backgrounds/BrickBackground.png
  artifactKey: Guid(fdfb3796a96b09f45b7ed20555d95926) Importer(815301076,1909f56bfc062723c751e8b465ee728b)
Start importing Assets/Brackeys/2D Mega Pack/Backgrounds/BrickBackground.png using Guid(fdfb3796a96b09f45b7ed20555d95926) Importer(815301076,1909f56bfc062723c751e8b465ee728b)  -> (artifact id: '26cc2411289b8c7d1ebd19a6163cfb8d') in 0.019233 seconds 
========================================================================
Received Import Request.
  Time since last request: 0.000021 seconds.
  path: Assets/TextMesh Pro/Examples & Extras/Textures/Floor Tiles 1 - diffuse.jpg
  artifactKey: Guid(85ac55597b97403c82fc6601a93cf241) Importer(815301076,1909f56bfc062723c751e8b465ee728b)
Start importing Assets/TextMesh Pro/Examples & Extras/Textures/Floor Tiles 1 - diffuse.jpg using Guid(85ac55597b97403c82fc6601a93cf241) Importer(815301076,1909f56bfc062723c751e8b465ee728b)  -> (artifact id: '5c17832748159b6a31090ae92f71df65') in 0.011802 seconds 
========================================================================
Received Import Request.
  Time since last request: 0.000027 seconds.
  path: Assets/Brackeys/2D Mega Pack/Enemies/AlienSpaceship.png
  artifactKey: Guid(a8166ea434d337349818825bff42d2f6) Importer(815301076,1909f56bfc062723c751e8b465ee728b)
Start importing Assets/Brackeys/2D Mega Pack/Enemies/AlienSpaceship.png using Guid(a8166ea434d337349818825bff42d2f6) Importer(815301076,1909f56bfc062723c751e8b465ee728b)  -> (artifact id: 'f446d60f11546724810e39043299747b') in 0.014644 seconds 
========================================================================
Received Import Request.
  Time since last request: 0.000040 seconds.
  path: Assets/Brackeys/2D Mega Pack/Sounds/Explosion.wav
  artifactKey: Guid(d1698dd553af8ef4d887bc83b9687173) Importer(815301076,1909f56bfc062723c751e8b465ee728b)
Start importing Assets/Brackeys/2D Mega Pack/Sounds/Explosion.wav using Guid(d1698dd553af8ef4d887bc83b9687173) Importer(815301076,1909f56bfc062723c751e8b465ee728b)  -> (artifact id: 'fe6f715350625dda9a894fbe3d8a1a9d') in 0.035197 seconds 
========================================================================
Received Import Request.
  Time since last request: 0.000021 seconds.
  path: Assets/Brackeys/2D Mega Pack/Backgrounds/DarkBackground.png
  artifactKey: Guid(50d72038d4682bd408a711176db21098) Importer(815301076,1909f56bfc062723c751e8b465ee728b)
Start importing Assets/Brackeys/2D Mega Pack/Backgrounds/DarkBackground.png using Guid(50d72038d4682bd408a711176db21098) Importer(815301076,1909f56bfc062723c751e8b465ee728b)  -> (artifact id: '838d1edf5991da3cd83ed6fe5bf5b411') in 0.115401 seconds 
========================================================================
Received Import Request.
  Time since last request: 0.000022 seconds.
  path: Assets/Textures/Box.png
  artifactKey: Guid(53a3cdc998f3f534fb7fee6902820fe6) Importer(815301076,1909f56bfc062723c751e8b465ee728b)
Start importing Assets/Textures/Box.png using Guid(53a3cdc998f3f534fb7fee6902820fe6) Importer(815301076,1909f56bfc062723c751e8b465ee728b)  -> (artifact id: '42b17b96e49af336c34771f6cd31eddf') in 0.014299 seconds 
========================================================================
Received Import Request.
  Time since last request: 0.000031 seconds.
  path: Assets/Brackeys/2D Mega Pack/Characters/Astronaut.png
  artifactKey: Guid(a0e7f1167efba544bb8d6e3198ae44f9) Importer(815301076,1909f56bfc062723c751e8b465ee728b)
Start importing Assets/Brackeys/2D Mega Pack/Characters/Astronaut.png using Guid(a0e7f1167efba544bb8d6e3198ae44f9) Importer(815301076,1909f56bfc062723c751e8b465ee728b)  -> (artifact id: 'abe175c226a051a40987381dbe29e8ad') in 0.038074 seconds 
========================================================================
Received Import Request.
  Time since last request: 0.000025 seconds.
  path: Assets/Brackeys/2D Mega Pack/Food & Plants/Vegetation/Flower2.png
  artifactKey: Guid(1523363110d51784fa3085b9b74cdfc1) Importer(815301076,1909f56bfc062723c751e8b465ee728b)
Start importing Assets/Brackeys/2D Mega Pack/Food & Plants/Vegetation/Flower2.png using Guid(1523363110d51784fa3085b9b74cdfc1) Importer(815301076,1909f56bfc062723c751e8b465ee728b)  -> (artifact id: '8662ff01e83d7cd9f156ffff43b3523e') in 0.015056 seconds 
========================================================================
Received Import Request.
  Time since last request: 0.000021 seconds.
  path: Assets/Brackeys/2D Mega Pack/Enemies/Gothic/FireheadEnemy.png
  artifactKey: Guid(d0f0bb7b0aae47846a42f0be578f602f) Importer(815301076,1909f56bfc062723c751e8b465ee728b)
Start importing Assets/Brackeys/2D Mega Pack/Enemies/Gothic/FireheadEnemy.png using Guid(d0f0bb7b0aae47846a42f0be578f602f) Importer(815301076,1909f56bfc062723c751e8b465ee728b)  -> (artifact id: 'bc19ec373dfb321758e2cb10479018ba') in 0.020632 seconds 
========================================================================
Received Import Request.
  Time since last request: 0.000020 seconds.
  path: Assets/Brackeys/2D Mega Pack/Items & Icons/Pixel Art/Enemy Army.png
  artifactKey: Guid(d394cd193965f51409c82f41da637c55) Importer(815301076,1909f56bfc062723c751e8b465ee728b)
Start importing Assets/Brackeys/2D Mega Pack/Items & Icons/Pixel Art/Enemy Army.png using Guid(d394cd193965f51409c82f41da637c55) Importer(815301076,1909f56bfc062723c751e8b465ee728b)  -> (artifact id: '99973c463ebe4678a25ee07316357949') in 0.013245 seconds 
========================================================================
Received Import Request.
  Time since last request: 0.000022 seconds.
  path: Assets/Brackeys/2D Mega Pack/Enemies/Crow.png
  artifactKey: Guid(7ed863ccbdc96f0438cc78a3c684e3e0) Importer(815301076,1909f56bfc062723c751e8b465ee728b)
Start importing Assets/Brackeys/2D Mega Pack/Enemies/Crow.png using Guid(7ed863ccbdc96f0438cc78a3c684e3e0) Importer(815301076,1909f56bfc062723c751e8b465ee728b)  -> (artifact id: '68c8d2ed62c54aadad4512ba1fb292da') in 0.013383 seconds 
========================================================================
Received Import Request.
  Time since last request: 0.000027 seconds.
  path: Assets/Brackeys/2D Mega Pack/Environment/DungeonFrame2.png
  artifactKey: Guid(647450ba17135774fb5972a3c1eb9325) Importer(815301076,1909f56bfc062723c751e8b465ee728b)
Start importing Assets/Brackeys/2D Mega Pack/Environment/DungeonFrame2.png using Guid(647450ba17135774fb5972a3c1eb9325) Importer(815301076,1909f56bfc062723c751e8b465ee728b)  -> (artifact id: '4be66ba124d1fb808252188a11f885b4') in 0.028501 seconds 
========================================================================
Received Import Request.
  Time since last request: 0.000031 seconds.
  path: Assets/Brackeys/2D Mega Pack/Sounds/DeathVoice.wav
  artifactKey: Guid(bd8857660a16ba549b8cc522d93d9117) Importer(815301076,1909f56bfc062723c751e8b465ee728b)
Start importing Assets/Brackeys/2D Mega Pack/Sounds/DeathVoice.wav using Guid(bd8857660a16ba549b8cc522d93d9117) Importer(815301076,1909f56bfc062723c751e8b465ee728b)  -> (artifact id: 'bc6822d273c20162b4c2107880532c8b') in 0.010238 seconds 
========================================================================
Received Import Request.
  Time since last request: 0.000018 seconds.
  path: Assets/Brackeys/2D Mega Pack/Characters/Fantasy/DarkWizard.png
  artifactKey: Guid(31b17986fa5b13f4f9b7403589287a19) Importer(815301076,1909f56bfc062723c751e8b465ee728b)
Start importing Assets/Brackeys/2D Mega Pack/Characters/Fantasy/DarkWizard.png using Guid(31b17986fa5b13f4f9b7403589287a19) Importer(815301076,1909f56bfc062723c751e8b465ee728b)  -> (artifact id: '98ea4378cdb20879c65fd144f171565c') in 0.012056 seconds 
========================================================================
Received Import Request.
  Time since last request: 0.000023 seconds.
  path: Assets/Brackeys/2D Mega Pack/Items & Icons/Pixel Art/Fire.png
  artifactKey: Guid(80e159dab3e6f1142bc5062eb184ccaf) Importer(815301076,1909f56bfc062723c751e8b465ee728b)
Start importing Assets/Brackeys/2D Mega Pack/Items & Icons/Pixel Art/Fire.png using Guid(80e159dab3e6f1142bc5062eb184ccaf) Importer(815301076,1909f56bfc062723c751e8b465ee728b)  -> (artifact id: '5823c3e61f14703d4950c583600c2d79') in 0.010576 seconds 
========================================================================
Received Import Request.
  Time since last request: 0.000029 seconds.
  path: Assets/TextMesh Pro/Examples & Extras/Textures/Floor Cement.jpg
  artifactKey: Guid(283f897e4925411ebbaa758b4cb13fc2) Importer(815301076,1909f56bfc062723c751e8b465ee728b)
Start importing Assets/TextMesh Pro/Examples & Extras/Textures/Floor Cement.jpg using Guid(283f897e4925411ebbaa758b4cb13fc2) Importer(815301076,1909f56bfc062723c751e8b465ee728b)  -> (artifact id: '58e38c4d4dbeda6e76cf205dbc6ff63d') in 0.010062 seconds 
Editor requested this worker to shutdown with reason: Scaling down because of idle timeout
AssetImportWorker is now disconnected from the server
Process exiting
Exiting without the bug reporter. Application will terminate with return code 0